<?xml version="1.0" encoding="UTF-8"?>
<testng-results skipped="0" failed="0" ignored="0" total="1" passed="1">
  <reporter-output>
  </reporter-output>
  <suite name="Default suite" duration-ms="1063" started-at="2018-06-26T07:29:30Z" finished-at="2018-06-26T07:29:31Z">
    <groups>
    </groups>
    <test name="Default test" duration-ms="1063" started-at="2018-06-26T07:29:30Z" finished-at="2018-06-26T07:29:31Z">
      <class name="extentreportspckg.ExtentReportscls">
        <test-method status="PASS" signature="extentreport()[pri:0, instance:extentreportspckg.ExtentReportscls@42a311]" name="extentreport" duration-ms="995" started-at="2018-06-26T07:29:30Z" finished-at="2018-06-26T07:29:31Z">
          <reporter-output>
          </reporter-output>
        </test-method> <!-- extentreport -->
      </class> <!-- extentreportspckg.ExtentReportscls -->
    </test> <!-- Default test -->
  </suite> <!-- Default suite -->
</testng-results>
